Started GET "/groups/1/messages" for 127.0.0.1 at 2019-03-26 22:32:30 +0900
  [1m[36mActiveRecord::SchemaMigration Load (0.4ms)[0m  [1m[34mSELECT `schema_migrations`.* FROM `schema_migrations`[0m
Processing by MessagesController#index as HTML
  Parameters: {"group_id"=>"1"}
  [1m[36mUser Load (0.3ms)[0m  [1m[34mSELECT  `users`.* FROM `users` WHERE `users`.`id` = 2 ORDER BY `users`.`id` ASC LIMIT 1[0m
  [1m[36mGroup Load (0.6ms)[0m  [1m[34mSELECT  `groups`.* FROM `groups` WHERE `groups`.`id` = 1 LIMIT 1[0m
  Rendering messages/index.html.haml within layouts/application
  [1m[36mGroup Load (0.7ms)[0m  [1m[34mSELECT `groups`.* FROM `groups` INNER JOIN `group_users` ON `groups`.`id` = `group_users`.`group_id` WHERE `group_users`.`user_id` = 2[0m
  [1m[36mMessage Load (0.5ms)[0m  [1m[34mSELECT  `messages`.* FROM `messages` WHERE `messages`.`group_id` = 1 ORDER BY `messages`.`id` DESC LIMIT 1[0m
  [1m[36mMessage Load (0.5ms)[0m  [1m[34mSELECT  `messages`.* FROM `messages` WHERE `messages`.`group_id` = 2 ORDER BY `messages`.`id` DESC LIMIT 1[0m
  [1m[36mMessage Load (0.6ms)[0m  [1m[34mSELECT  `messages`.* FROM `messages` WHERE `messages`.`group_id` = 3 ORDER BY `messages`.`id` DESC LIMIT 1[0m
  [1m[36mMessage Load (0.5ms)[0m  [1m[34mSELECT  `messages`.* FROM `messages` WHERE `messages`.`group_id` = 4 ORDER BY `messages`.`id` DESC LIMIT 1[0m
  [1m[36mMessage Load (0.4ms)[0m  [1m[34mSELECT  `messages`.* FROM `messages` WHERE `messages`.`group_id` = 5 ORDER BY `messages`.`id` DESC LIMIT 1[0m
  [1m[36mMessage Load (0.3ms)[0m  [1m[34mSELECT  `messages`.* FROM `messages` WHERE `messages`.`group_id` = 6 ORDER BY `messages`.`id` DESC LIMIT 1[0m
  [1m[36mMessage Load (0.3ms)[0m  [1m[34mSELECT  `messages`.* FROM `messages` WHERE `messages`.`group_id` = 7 ORDER BY `messages`.`id` DESC LIMIT 1[0m
  [1m[36mMessage Load (0.3ms)[0m  [1m[34mSELECT  `messages`.* FROM `messages` WHERE `messages`.`group_id` = 8 ORDER BY `messages`.`id` DESC LIMIT 1[0m
  [1m[36mMessage Load (0.3ms)[0m  [1m[34mSELECT  `messages`.* FROM `messages` WHERE `messages`.`group_id` = 9 ORDER BY `messages`.`id` DESC LIMIT 1[0m
  [1m[36mMessage Load (0.5ms)[0m  [1m[34mSELECT  `messages`.* FROM `messages` WHERE `messages`.`group_id` = 10 ORDER BY `messages`.`id` DESC LIMIT 1[0m
  [1m[36mMessage Load (0.3ms)[0m  [1m[34mSELECT  `messages`.* FROM `messages` WHERE `messages`.`group_id` = 11 ORDER BY `messages`.`id` DESC LIMIT 1[0m
  [1m[36mMessage Load (0.3ms)[0m  [1m[34mSELECT  `messages`.* FROM `messages` WHERE `messages`.`group_id` = 12 ORDER BY `messages`.`id` DESC LIMIT 1[0m
  [1m[36mMessage Load (0.6ms)[0m  [1m[34mSELECT  `messages`.* FROM `messages` WHERE `messages`.`group_id` = 13 ORDER BY `messages`.`id` DESC LIMIT 1[0m
  [1m[36mMessage Load (0.3ms)[0m  [1m[34mSELECT  `messages`.* FROM `messages` WHERE `messages`.`group_id` = 14 ORDER BY `messages`.`id` DESC LIMIT 1[0m
  [1m[36mMessage Load (0.3ms)[0m  [1m[34mSELECT  `messages`.* FROM `messages` WHERE `messages`.`group_id` = 15 ORDER BY `messages`.`id` DESC LIMIT 1[0m
  [1m[36mMessage Load (0.5ms)[0m  [1m[34mSELECT  `messages`.* FROM `messages` WHERE `messages`.`group_id` = 16 ORDER BY `messages`.`id` DESC LIMIT 1[0m
  [1m[36mMessage Load (0.4ms)[0m  [1m[34mSELECT  `messages`.* FROM `messages` WHERE `messages`.`group_id` = 17 ORDER BY `messages`.`id` DESC LIMIT 1[0m
  Rendered messages/_group.html.haml (98.9ms)
  [1m[36mMessage Load (0.3ms)[0m  [1m[34mSELECT `messages`.* FROM `messages` WHERE `messages`.`group_id` = 1[0m
  [1m[36mUser Load (0.9ms)[0m  [1m[34mSELECT `users`.* FROM `users` WHERE `users`.`id` = 2[0m
  Rendered collection of messages/_message.html.haml [3 times] (7.3ms)
  Rendered messages/index.html.haml within layouts/application (172.7ms)
  Rendered layouts/_notifications.html.haml (4.0ms)
Completed 200 OK in 2295ms (Views: 2155.4ms | ActiveRecord: 26.5ms)


Started GET "/groups/1/messages?message%5Bid%5D=342" for 127.0.0.1 at 2019-03-26 22:32:38 +0900
Processing by MessagesController#index as JSON
  Parameters: {"message"=>{"id"=>"342"}, "group_id"=>"1"}
  [1m[36mUser Load (0.5ms)[0m  [1m[34mSELECT  `users`.* FROM `users` WHERE `users`.`id` = 2 ORDER BY `users`.`id` ASC LIMIT 1[0m
  [1m[36mGroup Load (0.5ms)[0m  [1m[34mSELECT  `groups`.* FROM `groups` WHERE `groups`.`id` = 1 LIMIT 1[0m
  Rendering messages/index.json.jbuilder
  [1m[36mMessage Load (0.4ms)[0m  [1m[34mSELECT `messages`.* FROM `messages` WHERE `messages`.`group_id` = 1 AND (id > '342')[0m
  Rendered messages/index.json.jbuilder (12.2ms)
Completed 200 OK in 48ms (Views: 34.3ms | ActiveRecord: 1.4ms)


Started GET "/" for 127.0.0.1 at 2019-03-27 10:41:13 +0900
  [1m[36mActiveRecord::SchemaMigration Load (2.4ms)[0m  [1m[34mSELECT `schema_migrations`.* FROM `schema_migrations`[0m
Processing by GroupsController#index as HTML
  [1m[36mUser Load (0.6ms)[0m  [1m[34mSELECT  `users`.* FROM `users` WHERE `users`.`id` = 2 ORDER BY `users`.`id` ASC LIMIT 1[0m
  Rendering groups/index.html.haml within layouts/application
  [1m[36mGroup Load (4.8ms)[0m  [1m[34mSELECT `groups`.* FROM `groups` INNER JOIN `group_users` ON `groups`.`id` = `group_users`.`group_id` WHERE `group_users`.`user_id` = 2[0m
  [1m[36mMessage Load (1.7ms)[0m  [1m[34mSELECT  `messages`.* FROM `messages` WHERE `messages`.`group_id` = 1 ORDER BY `messages`.`id` DESC LIMIT 1[0m
  [1m[36mMessage Load (0.4ms)[0m  [1m[34mSELECT  `messages`.* FROM `messages` WHERE `messages`.`group_id` = 2 ORDER BY `messages`.`id` DESC LIMIT 1[0m
  [1m[36mMessage Load (0.4ms)[0m  [1m[34mSELECT  `messages`.* FROM `messages` WHERE `messages`.`group_id` = 3 ORDER BY `messages`.`id` DESC LIMIT 1[0m
  [1m[36mMessage Load (0.3ms)[0m  [1m[34mSELECT  `messages`.* FROM `messages` WHERE `messages`.`group_id` = 4 ORDER BY `messages`.`id` DESC LIMIT 1[0m
  [1m[36mMessage Load (0.3ms)[0m  [1m[34mSELECT  `messages`.* FROM `messages` WHERE `messages`.`group_id` = 5 ORDER BY `messages`.`id` DESC LIMIT 1[0m
  [1m[36mMessage Load (0.4ms)[0m  [1m[34mSELECT  `messages`.* FROM `messages` WHERE `messages`.`group_id` = 6 ORDER BY `messages`.`id` DESC LIMIT 1[0m
  [1m[36mMessage Load (0.4ms)[0m  [1m[34mSELECT  `messages`.* FROM `messages` WHERE `messages`.`group_id` = 7 ORDER BY `messages`.`id` DESC LIMIT 1[0m
  [1m[36mMessage Load (0.3ms)[0m  [1m[34mSELECT  `messages`.* FROM `messages` WHERE `messages`.`group_id` = 8 ORDER BY `messages`.`id` DESC LIMIT 1[0m
  [1m[36mMessage Load (0.3ms)[0m  [1m[34mSELECT  `messages`.* FROM `messages` WHERE `messages`.`group_id` = 9 ORDER BY `messages`.`id` DESC LIMIT 1[0m
  [1m[36mMessage Load (0.3ms)[0m  [1m[34mSELECT  `messages`.* FROM `messages` WHERE `messages`.`group_id` = 10 ORDER BY `messages`.`id` DESC LIMIT 1[0m
  [1m[36mMessage Load (0.3ms)[0m  [1m[34mSELECT  `messages`.* FROM `messages` WHERE `messages`.`group_id` = 11 ORDER BY `messages`.`id` DESC LIMIT 1[0m
  [1m[36mMessage Load (0.3ms)[0m  [1m[34mSELECT  `messages`.* FROM `messages` WHERE `messages`.`group_id` = 12 ORDER BY `messages`.`id` DESC LIMIT 1[0m
  [1m[36mMessage Load (0.4ms)[0m  [1m[34mSELECT  `messages`.* FROM `messages` WHERE `messages`.`group_id` = 13 ORDER BY `messages`.`id` DESC LIMIT 1[0m
  [1m[36mMessage Load (0.4ms)[0m  [1m[34mSELECT  `messages`.* FROM `messages` WHERE `messages`.`group_id` = 14 ORDER BY `messages`.`id` DESC LIMIT 1[0m
  [1m[36mMessage Load (0.3ms)[0m  [1m[34mSELECT  `messages`.* FROM `messages` WHERE `messages`.`group_id` = 15 ORDER BY `messages`.`id` DESC LIMIT 1[0m
  [1m[36mMessage Load (0.3ms)[0m  [1m[34mSELECT  `messages`.* FROM `messages` WHERE `messages`.`group_id` = 16 ORDER BY `messages`.`id` DESC LIMIT 1[0m
  [1m[36mMessage Load (0.4ms)[0m  [1m[34mSELECT  `messages`.* FROM `messages` WHERE `messages`.`group_id` = 17 ORDER BY `messages`.`id` DESC LIMIT 1[0m
  Rendered messages/_group.html.haml (154.6ms)
  Rendered groups/index.html.haml within layouts/application (181.3ms)
  Rendered layouts/_notifications.html.haml (3.7ms)
Completed 200 OK in 686ms (Views: 612.5ms | ActiveRecord: 31.4ms)


Started GET "/groups/1/messages" for 127.0.0.1 at 2019-03-27 10:41:16 +0900
Processing by MessagesController#index as HTML
  Parameters: {"group_id"=>"1"}
  [1m[36mUser Load (0.7ms)[0m  [1m[34mSELECT  `users`.* FROM `users` WHERE `users`.`id` = 2 ORDER BY `users`.`id` ASC LIMIT 1[0m
  [1m[36mGroup Load (0.3ms)[0m  [1m[34mSELECT  `groups`.* FROM `groups` WHERE `groups`.`id` = 1 LIMIT 1[0m
  Rendering messages/index.html.haml within layouts/application
  [1m[36mGroup Load (0.4ms)[0m  [1m[34mSELECT `groups`.* FROM `groups` INNER JOIN `group_users` ON `groups`.`id` = `group_users`.`group_id` WHERE `group_users`.`user_id` = 2[0m
  [1m[36mMessage Load (0.4ms)[0m  [1m[34mSELECT  `messages`.* FROM `messages` WHERE `messages`.`group_id` = 1 ORDER BY `messages`.`id` DESC LIMIT 1[0m
  [1m[36mMessage Load (0.3ms)[0m  [1m[34mSELECT  `messages`.* FROM `messages` WHERE `messages`.`group_id` = 2 ORDER BY `messages`.`id` DESC LIMIT 1[0m
  [1m[36mMessage Load (0.3ms)[0m  [1m[34mSELECT  `messages`.* FROM `messages` WHERE `messages`.`group_id` = 3 ORDER BY `messages`.`id` DESC LIMIT 1[0m
  [1m[36mMessage Load (0.3ms)[0m  [1m[34mSELECT  `messages`.* FROM `messages` WHERE `messages`.`group_id` = 4 ORDER BY `messages`.`id` DESC LIMIT 1[0m
  [1m[36mMessage Load (0.3ms)[0m  [1m[34mSELECT  `messages`.* FROM `messages` WHERE `messages`.`group_id` = 5 ORDER BY `messages`.`id` DESC LIMIT 1[0m
  [1m[36mMessage Load (0.3ms)[0m  [1m[34mSELECT  `messages`.* FROM `messages` WHERE `messages`.`group_id` = 6 ORDER BY `messages`.`id` DESC LIMIT 1[0m
  [1m[36mMessage Load (0.3ms)[0m  [1m[34mSELECT  `messages`.* FROM `messages` WHERE `messages`.`group_id` = 7 ORDER BY `messages`.`id` DESC LIMIT 1[0m
  [1m[36mMessage Load (0.5ms)[0m  [1m[34mSELECT  `messages`.* FROM `messages` WHERE `messages`.`group_id` = 8 ORDER BY `messages`.`id` DESC LIMIT 1[0m
  [1m[36mMessage Load (0.4ms)[0m  [1m[34mSELECT  `messages`.* FROM `messages` WHERE `messages`.`group_id` = 9 ORDER BY `messages`.`id` DESC LIMIT 1[0m
  [1m[36mMessage Load (0.3ms)[0m  [1m[34mSELECT  `messages`.* FROM `messages` WHERE `messages`.`group_id` = 10 ORDER BY `messages`.`id` DESC LIMIT 1[0m
  [1m[36mMessage Load (0.3ms)[0m  [1m[34mSELECT  `messages`.* FROM `messages` WHERE `messages`.`group_id` = 11 ORDER BY `messages`.`id` DESC LIMIT 1[0m
  [1m[36mMessage Load (0.4ms)[0m  [1m[34mSELECT  `messages`.* FROM `messages` WHERE `messages`.`group_id` = 12 ORDER BY `messages`.`id` DESC LIMIT 1[0m
  [1m[36mMessage Load (0.3ms)[0m  [1m[34mSELECT  `messages`.* FROM `messages` WHERE `messages`.`group_id` = 13 ORDER BY `messages`.`id` DESC LIMIT 1[0m
  [1m[36mMessage Load (0.3ms)[0m  [1m[34mSELECT  `messages`.* FROM `messages` WHERE `messages`.`group_id` = 14 ORDER BY `messages`.`id` DESC LIMIT 1[0m
  [1m[36mMessage Load (0.3ms)[0m  [1m[34mSELECT  `messages`.* FROM `messages` WHERE `messages`.`group_id` = 15 ORDER BY `messages`.`id` DESC LIMIT 1[0m
  [1m[36mMessage Load (0.3ms)[0m  [1m[34mSELECT  `messages`.* FROM `messages` WHERE `messages`.`group_id` = 16 ORDER BY `messages`.`id` DESC LIMIT 1[0m
  [1m[36mMessage Load (0.4ms)[0m  [1m[34mSELECT  `messages`.* FROM `messages` WHERE `messages`.`group_id` = 17 ORDER BY `messages`.`id` DESC LIMIT 1[0m
  Rendered messages/_group.html.haml (36.3ms)
  [1m[36mMessage Load (0.3ms)[0m  [1m[34mSELECT `messages`.* FROM `messages` WHERE `messages`.`group_id` = 1[0m
  [1m[36mUser Load (0.3ms)[0m  [1m[34mSELECT `users`.* FROM `users` WHERE `users`.`id` = 2[0m
  Rendered collection of messages/_message.html.haml [3 times] (28.6ms)
  Rendered messages/index.html.haml within layouts/application (105.4ms)
  Rendered layouts/_notifications.html.haml (2.8ms)
Completed 200 OK in 157ms (Views: 141.0ms | ActiveRecord: 8.0ms)


Started GET "/groups/1/messages?message%5Bid%5D=342" for 127.0.0.1 at 2019-03-27 10:41:21 +0900
Processing by MessagesController#index as JSON
  Parameters: {"message"=>{"id"=>"342"}, "group_id"=>"1"}
  [1m[36mUser Load (0.3ms)[0m  [1m[34mSELECT  `users`.* FROM `users` WHERE `users`.`id` = 2 ORDER BY `users`.`id` ASC LIMIT 1[0m
  [1m[36mGroup Load (0.2ms)[0m  [1m[34mSELECT  `groups`.* FROM `groups` WHERE `groups`.`id` = 1 LIMIT 1[0m
  Rendering messages/index.json.jbuilder
  [1m[36mMessage Load (1.9ms)[0m  [1m[34mSELECT `messages`.* FROM `messages` WHERE `messages`.`group_id` = 1 AND (id > '342')[0m
  Rendered messages/index.json.jbuilder (10.6ms)
Completed 200 OK in 31ms (Views: 22.7ms | ActiveRecord: 2.5ms)


